loading data...
train size # sent 5069
dev size # sent 1588
test size # sent 3186
{'DATAPATH': './voc_100_downsample_concat_sent', 'concat': False, 'words_dim': 300, 'embed_mode': 'random', 'bigru_max_sub_hidden': 200, 'target_class': 2, 'bigru_max_note_hidden': 80, 'batch_size': 16, 'learning_rate': 0.0001, 'num_epochs': 150, 'cuda': False, 'early_stop': 1, 'val_per_epoch': 1, 'data_portion': 1, 'optimizer': 'Adam', 'padding_before_batch': False, 'to_sentences': False, 'word_padded_length_in_notes': None, 'max_note_length': 300, 'random_cutting': True, 'savepath': './model/', 'time_name': '15m', 'save_test_result': True, 'regulization_by_note': True, 'split_points': [720, 1440, 2880, 4320, 5760, 7200, 14400], 'regulization_by_time': True, 'model': 'bigru_max', 'vocab_size': 112514}
Start to train...
loading data...
train size # sent 5069
dev size # sent 1588
test size # sent 3186
{'DATAPATH': './voc_100_downsample_concat_sent', 'concat': False, 'words_dim': 300, 'embed_mode': 'random', 'bigru_max_sub_hidden': 200, 'target_class': 2, 'bigru_max_note_hidden': 80, 'batch_size': 16, 'learning_rate': 0.0001, 'num_epochs': 150, 'cuda': False, 'early_stop': 1, 'val_per_epoch': 1, 'data_portion': 1, 'optimizer': 'Adam', 'padding_before_batch': False, 'to_sentences': False, 'word_padded_length_in_notes': None, 'max_note_length': 300, 'random_cutting': True, 'savepath': './model/', 'time_name': '15m', 'save_test_result': True, 'regulization_by_note': True, 'split_points': [720, 1440, 2880, 4320, 5760, 7200, 14400], 'regulization_by_time': True, 'model': 'bigru_max', 'vocab_size': 112514}
Start to train...
Epoch 0; Total Loss 0.683935
loading data...
train size # sent 5069
dev size # sent 1588
test size # sent 3186
{'DATAPATH': './voc_100_downsample_concat_sent', 'concat': False, 'words_dim': 300, 'embed_mode': 'random', 'bigru_max_sub_hidden': 200, 'target_class': 2, 'bigru_max_note_hidden': 80, 'batch_size': 16, 'learning_rate': 0.0001, 'num_epochs': 150, 'cuda': False, 'early_stop': 1, 'val_per_epoch': 1, 'data_portion': 1, 'optimizer': 'Adam', 'padding_before_batch': False, 'to_sentences': False, 'word_padded_length_in_notes': None, 'max_note_length': 300, 'random_cutting': True, 'savepath': './model/', 'time_name': '15m', 'save_test_result': True, 'regulization_by_note': True, 'split_points': [720, 1440, 2880, 4320, 5760, 7200, 14400], 'regulization_by_time': True, 'model': 'bigru_max', 'vocab_size': 112514}
Start to train...
loading data...
train size # sent 5069
dev size # sent 1588
test size # sent 3186
{'DATAPATH': './voc_100_downsample_concat_sent', 'concat': False, 'words_dim': 300, 'embed_mode': 'random', 'bigru_max_sub_hidden': 200, 'target_class': 2, 'bigru_max_note_hidden': 80, 'batch_size': 16, 'learning_rate': 0.0001, 'num_epochs': 150, 'cuda': False, 'early_stop': 1, 'val_per_epoch': 1, 'data_portion': 1, 'optimizer': 'Adam', 'padding_before_batch': False, 'to_sentences': False, 'word_padded_length_in_notes': None, 'max_note_length': 300, 'random_cutting': True, 'savepath': './model/', 'time_name': '15m', 'save_test_result': True, 'regulization_by_note': True, 'split_points': [720, 1440, 2880, 4320, 5760, 7200, 14400], 'regulization_by_time': True, 'model': 'bigru_max', 'vocab_size': 112514}
Start to train...
loading data...
train size # sent 5069
dev size # sent 1588
test size # sent 3186
{'DATAPATH': './voc_100_downsample_concat_sent', 'concat': False, 'words_dim': 300, 'embed_mode': 'random', 'bigru_max_sub_hidden': 200, 'target_class': 2, 'bigru_max_note_hidden': 80, 'batch_size': 16, 'learning_rate': 0.0001, 'num_epochs': 150, 'cuda': False, 'early_stop': 1, 'val_per_epoch': 1, 'data_portion': 1, 'optimizer': 'Adam', 'padding_before_batch': False, 'to_sentences': False, 'word_padded_length_in_notes': None, 'max_note_length': 300, 'random_cutting': True, 'savepath': './model/', 'time_name': '15m', 'save_test_result': True, 'regulization_by_note': True, 'split_points': [720, 1440, 2880, 4320, 5760, 7200, 14400], 'regulization_by_time': True, 'model': 'bigru_max', 'vocab_size': 112514}
Start to train...
loading data...
train size # sent 5069
dev size # sent 1588
test size # sent 3186
{'DATAPATH': './voc_100_downsample_concat_sent', 'concat': False, 'words_dim': 300, 'embed_mode': 'random', 'bigru_max_sub_hidden': 200, 'target_class': 2, 'bigru_max_note_hidden': 80, 'batch_size': 16, 'learning_rate': 0.0001, 'num_epochs': 150, 'cuda': False, 'early_stop': 1, 'val_per_epoch': 1, 'data_portion': 1, 'optimizer': 'Adam', 'padding_before_batch': False, 'to_sentences': False, 'word_padded_length_in_notes': None, 'max_note_length': 300, 'random_cutting': True, 'savepath': './model/', 'time_name': '15m', 'save_test_result': True, 'regulization_by_note': True, 'split_points': [720, 1440, 2880, 4320, 5760, 7200, 14400], 'regulization_by_time': True, 'model': 'bigru_max', 'vocab_size': 112514}
Start to train...
loading data...
train size # sent 5069
dev size # sent 1588
test size # sent 3186
{'DATAPATH': './voc_100_downsample_concat_sent', 'concat': False, 'words_dim': 300, 'embed_mode': 'random', 'bigru_max_sub_hidden': 200, 'target_class': 2, 'bigru_max_note_hidden': 80, 'batch_size': 16, 'learning_rate': 0.0001, 'num_epochs': 150, 'cuda': False, 'early_stop': 1, 'val_per_epoch': 1, 'data_portion': 1, 'optimizer': 'Adam', 'padding_before_batch': False, 'to_sentences': False, 'word_padded_length_in_notes': None, 'max_note_length': 300, 'random_cutting': True, 'savepath': './model/', 'time_name': '15m', 'save_test_result': True, 'regulization_by_note': True, 'split_points': [720, 1440, 2880, 4320, 5760, 7200, 14400], 'regulization_by_time': True, 'model': 'bigru_max', 'vocab_size': 112514}
loading data...
train size # sent 5069
dev size # sent 1588
test size # sent 3186
{'DATAPATH': './voc_100_downsample_concat_sent', 'concat': False, 'words_dim': 300, 'embed_mode': 'random', 'bigru_max_sub_hidden': 200, 'target_class': 2, 'bigru_max_note_hidden': 80, 'batch_size': 16, 'learning_rate': 0.0001, 'num_epochs': 150, 'cuda': False, 'early_stop': 1, 'val_per_epoch': 1, 'data_portion': 1, 'optimizer': 'Adam', 'padding_before_batch': False, 'to_sentences': False, 'word_padded_length_in_notes': None, 'attention': True, 'max_note_length': 300, 'random_cutting': True, 'savepath': './model/', 'time_name': '15m', 'save_test_result': True, 'regulization_by_note': True, 'split_points': [720, 1440, 2880, 4320, 5760, 7200, 14400], 'regulization_by_time': True, 'model': 'bigru_max', 'vocab_size': 112514}
Start to train...
Epoch 0; Total Loss 0.707182
loading data...
train size # sent 5069
dev size # sent 1588
test size # sent 3186
{'DATAPATH': './voc_100_downsample_concat_sent', 'concat': False, 'words_dim': 300, 'embed_mode': 'random', 'bigru_max_sub_hidden': 200, 'target_class': 2, 'bigru_max_note_hidden': 80, 'batch_size': 16, 'learning_rate': 0.0001, 'num_epochs': 150, 'cuda': False, 'early_stop': 1, 'val_per_epoch': 1, 'data_portion': 1, 'optimizer': 'Adam', 'padding_before_batch': False, 'to_sentences': False, 'word_padded_length_in_notes': None, 'attention': True, 'max_note_length': 300, 'random_cutting': True, 'savepath': './model/', 'time_name': '15m', 'save_test_result': True, 'regulization_by_note': True, 'split_points': [720, 1440, 2880, 4320, 5760, 7200, 14400], 'regulization_by_time': True, 'model': 'bigru_max', 'vocab_size': 112514}
Start to train...
loading data...
train size # sent 5069
dev size # sent 1588
test size # sent 3186
{'DATAPATH': './voc_100_downsample_concat_sent', 'concat': False, 'words_dim': 300, 'embed_mode': 'random', 'bigru_max_sub_hidden': 200, 'target_class': 2, 'bigru_max_note_hidden': 80, 'batch_size': 16, 'learning_rate': 0.0001, 'num_epochs': 150, 'cuda': False, 'early_stop': 1, 'val_per_epoch': 1, 'data_portion': 1, 'optimizer': 'Adam', 'padding_before_batch': False, 'to_sentences': False, 'word_padded_length_in_notes': None, 'attention': True, 'max_note_length': 300, 'random_cutting': True, 'savepath': './model/', 'time_name': '15m', 'save_test_result': True, 'regulization_by_note': True, 'split_points': [720, 1440, 2880, 4320, 5760, 7200, 14400], 'regulization_by_time': True, 'model': 'bigru_max', 'vocab_size': 112514}
Start to train...
Epoch 0; Total Loss 0.640205
loading data...
train size # sent 5069
dev size # sent 1588
test size # sent 3186
{'DATAPATH': './voc_100_downsample_concat_sent', 'concat': False, 'words_dim': 300, 'embed_mode': 'random', 'bigru_max_sub_hidden': 200, 'target_class': 2, 'bigru_max_note_hidden': 80, 'batch_size': 16, 'learning_rate': 0.0001, 'num_epochs': 150, 'cuda': False, 'early_stop': 1, 'val_per_epoch': 1, 'data_portion': 1, 'optimizer': 'Adam', 'padding_before_batch': False, 'to_sentences': False, 'word_padded_length_in_notes': None, 'attention': True, 'max_note_length': 300, 'random_cutting': True, 'savepath': './model/', 'time_name': '15m', 'save_test_result': True, 'regulization_by_note': True, 'split_points': [720, 1440, 2880, 4320, 5760, 7200, 14400], 'regulization_by_time': True, 'model': 'bigru_max', 'vocab_size': 112514}
Start to train...
loading data...
train size # sent 5069
dev size # sent 1588
test size # sent 3186
{'DATAPATH': './voc_100_downsample_concat_sent', 'concat': False, 'words_dim': 300, 'embed_mode': 'random', 'bigru_max_sub_hidden': 200, 'target_class': 2, 'bigru_max_note_hidden': 80, 'batch_size': 16, 'learning_rate': 0.0001, 'num_epochs': 150, 'cuda': False, 'early_stop': 1, 'val_per_epoch': 1, 'data_portion': 1, 'optimizer': 'Adam', 'padding_before_batch': False, 'to_sentences': False, 'word_padded_length_in_notes': None, 'attention': True, 'max_note_length': 300, 'random_cutting': True, 'savepath': './model/', 'time_name': '15m', 'save_test_result': True, 'regulization_by_note': True, 'split_points': [720, 1440, 2880, 4320, 5760, 7200, 14400], 'regulization_by_time': True, 'model': 'bigru_max', 'vocab_size': 112514}
Start to train...
loading data...
train size # sent 5069
dev size # sent 1588
test size # sent 3186
{'DATAPATH': './voc_100_downsample_concat_sent', 'concat': False, 'words_dim': 300, 'embed_mode': 'random', 'bigru_max_sub_hidden': 200, 'target_class': 2, 'bigru_max_note_hidden': 80, 'batch_size': 16, 'learning_rate': 0.0001, 'num_epochs': 150, 'cuda': False, 'early_stop': 1, 'val_per_epoch': 1, 'data_portion': 1, 'optimizer': 'Adam', 'padding_before_batch': False, 'to_sentences': False, 'word_padded_length_in_notes': None, 'attention': True, 'max_note_length': 300, 'random_cutting': True, 'savepath': './model/', 'time_name': '15m', 'save_test_result': True, 'regulization_by_note': True, 'split_points': [720, 1440, 2880, 4320, 5760, 7200, 14400], 'regulization_by_time': True, 'model': 'bigru_max', 'vocab_size': 112514}
Start to train...
loading data...
train size # sent 5069
dev size # sent 1588
test size # sent 3186
{'DATAPATH': './voc_100_downsample_concat_sent', 'concat': False, 'words_dim': 300, 'embed_mode': 'random', 'bigru_max_sub_hidden': 200, 'target_class': 2, 'bigru_max_note_hidden': 80, 'batch_size': 16, 'learning_rate': 0.0001, 'num_epochs': 150, 'cuda': False, 'early_stop': 1, 'val_per_epoch': 1, 'data_portion': 1, 'optimizer': 'Adam', 'padding_before_batch': False, 'to_sentences': False, 'word_padded_length_in_notes': None, 'attention': True, 'max_note_length': 300, 'random_cutting': True, 'savepath': './model/', 'time_name': '15m', 'save_test_result': True, 'regulization_by_note': True, 'split_points': [720, 1440, 2880, 4320, 5760, 7200, 14400], 'regulization_by_time': True, 'model': 'bigru_max', 'vocab_size': 112514}
Start to train...
Epoch 0; Total Loss 0.784199
loading data...
train size # sent 5069
dev size # sent 1588
test size # sent 3186
{'DATAPATH': './voc_100_downsample_concat_sent', 'concat': False, 'words_dim': 300, 'embed_mode': 'random', 'bigru_max_sub_hidden': 200, 'target_class': 2, 'bigru_max_note_hidden': 80, 'batch_size': 16, 'learning_rate': 0.0001, 'num_epochs': 150, 'cuda': False, 'early_stop': 1, 'val_per_epoch': 1, 'data_portion': 1, 'optimizer': 'Adam', 'padding_before_batch': False, 'to_sentences': False, 'word_padded_length_in_notes': None, 'attention': True, 'max_note_length': 300, 'random_cutting': True, 'savepath': './model/', 'time_name': '15m', 'save_test_result': True, 'regulization_by_note': True, 'split_points': [720, 1440, 2880, 4320, 5760, 7200, 14400], 'regulization_by_time': True, 'model': 'bigru_max', 'vocab_size': 112514}
Start to train...
loading data...
train size # sent 5069
dev size # sent 1588
test size # sent 3186
{'DATAPATH': './voc_100_downsample_concat_sent', 'concat': False, 'words_dim': 300, 'embed_mode': 'random', 'bigru_max_sub_hidden': 200, 'target_class': 2, 'bigru_max_note_hidden': 80, 'batch_size': 16, 'learning_rate': 0.0001, 'num_epochs': 150, 'cuda': False, 'early_stop': 1, 'val_per_epoch': 1, 'data_portion': 1, 'optimizer': 'Adam', 'padding_before_batch': False, 'to_sentences': False, 'word_padded_length_in_notes': None, 'attention': True, 'max_note_length': 300, 'random_cutting': True, 'savepath': './model/', 'time_name': '15m', 'save_test_result': True, 'regulization_by_note': True, 'split_points': [720, 1440, 2880, 4320, 5760, 7200, 14400], 'regulization_by_time': True, 'model': 'bigru_max', 'vocab_size': 112514}
Start to train...
Epoch 0; Total Loss 0.723098
loading data...
train size # sent 5069
dev size # sent 1588
test size # sent 3186
{'DATAPATH': './voc_100_downsample_concat_sent', 'concat': False, 'words_dim': 300, 'embed_mode': 'random', 'bigru_max_sub_hidden': 200, 'target_class': 2, 'bigru_max_note_hidden': 80, 'batch_size': 16, 'learning_rate': 0.0001, 'num_epochs': 150, 'cuda': False, 'early_stop': 1, 'val_per_epoch': 1, 'data_portion': 1, 'optimizer': 'Adam', 'padding_before_batch': False, 'to_sentences': False, 'word_padded_length_in_notes': None, 'attention': False, 'max_note_length': 300, 'random_cutting': True, 'savepath': './model/', 'time_name': '15m', 'save_test_result': True, 'regulization_by_note': True, 'split_points': [720, 1440, 2880, 4320, 5760, 7200, 14400], 'regulization_by_time': True, 'model': 'bigru_max', 'vocab_size': 112514}
Start to train...
Epoch 0; Total Loss 0.690494
